Determining if the Q_WS_WIN exist failed with the following output:
Change Dir: /home/jose/robocomp/components/Robotics/mission/CMakeFiles/CMakeTmp

Run Build Command:"/usr/bin/make" "cmTC_4cc78/fast"
/usr/bin/make -f CMakeFiles/cmTC_4cc78.dir/build.make CMakeFiles/cmTC_4cc78.dir/build
make[1]: se entra en el directorio '/home/jose/robocomp/components/Robotics/mission/CMakeFiles/CMakeTmp'
Building CXX object CMakeFiles/cmTC_4cc78.dir/CheckSymbolExists.cxx.o
/usr/bin/c++   -I/usr/include/qt4   -o CMakeFiles/cmTC_4cc78.dir/CheckSymbolExists.cxx.o -c /home/jose/robocomp/components/Robotics/mission/CMakeFiles/CMakeTmp/CheckSymbolExists.cxx
/home/jose/robocomp/components/Robotics/mission/CMakeFiles/CMakeTmp/CheckSymbolExists.cxx: In function ‘int main(int, char**)’:
/home/jose/robocomp/components/Robotics/mission/CMakeFiles/CMakeTmp/CheckSymbolExists.cxx:8:19: error: ‘Q_WS_WIN’ was not declared in this scope
   return ((int*)(&Q_WS_WIN))[argc];
                   ^~~~~~~~
/home/jose/robocomp/components/Robotics/mission/CMakeFiles/CMakeTmp/CheckSymbolExists.cxx:8:19: note: suggested alternative: ‘Q_WS_X11’
   return ((int*)(&Q_WS_WIN))[argc];
                   ^~~~~~~~
                   Q_WS_X11
CMakeFiles/cmTC_4cc78.dir/build.make:65: recipe for target 'CMakeFiles/cmTC_4cc78.dir/CheckSymbolExists.cxx.o' failed
make[1]: *** [CMakeFiles/cmTC_4cc78.dir/CheckSymbolExists.cxx.o] Error 1
make[1]: se sale del directorio '/home/jose/robocomp/components/Robotics/mission/CMakeFiles/CMakeTmp'
Makefile:126: recipe for target 'cmTC_4cc78/fast' failed
make: *** [cmTC_4cc78/fast] Error 2

File /home/jose/robocomp/components/Robotics/mission/CMakeFiles/CMakeTmp/CheckSymbolExists.cxx:
/* */
#include <QtCore/qglobal.h>

int main(int argc, char** argv)
{
  (void)argv;
#ifndef Q_WS_WIN
  return ((int*)(&Q_WS_WIN))[argc];
#else
  (void)argc;
  return 0;
#endif
}

Determining if the Q_WS_QWS exist failed with the following output:
Change Dir: /home/jose/robocomp/components/Robotics/mission/CMakeFiles/CMakeTmp

Run Build Command:"/usr/bin/make" "cmTC_19b72/fast"
/usr/bin/make -f CMakeFiles/cmTC_19b72.dir/build.make CMakeFiles/cmTC_19b72.dir/build
make[1]: se entra en el directorio '/home/jose/robocomp/components/Robotics/mission/CMakeFiles/CMakeTmp'
Building CXX object CMakeFiles/cmTC_19b72.dir/CheckSymbolExists.cxx.o
/usr/bin/c++   -I/usr/include/qt4   -o CMakeFiles/cmTC_19b72.dir/CheckSymbolExists.cxx.o -c /home/jose/robocomp/components/Robotics/mission/CMakeFiles/CMakeTmp/CheckSymbolExists.cxx
/home/jose/robocomp/components/Robotics/mission/CMakeFiles/CMakeTmp/CheckSymbolExists.cxx: In function ‘int main(int, char**)’:
/home/jose/robocomp/components/Robotics/mission/CMakeFiles/CMakeTmp/CheckSymbolExists.cxx:8:19: error: ‘Q_WS_QWS’ was not declared in this scope
   return ((int*)(&Q_WS_QWS))[argc];
                   ^~~~~~~~
/home/jose/robocomp/components/Robotics/mission/CMakeFiles/CMakeTmp/CheckSymbolExists.cxx:8:19: note: suggested alternative: ‘Q_WS_X11’
   return ((int*)(&Q_WS_QWS))[argc];
                   ^~~~~~~~
                   Q_WS_X11
CMakeFiles/cmTC_19b72.dir/build.make:65: recipe for target 'CMakeFiles/cmTC_19b72.dir/CheckSymbolExists.cxx.o' failed
make[1]: *** [CMakeFiles/cmTC_19b72.dir/CheckSymbolExists.cxx.o] Error 1
make[1]: se sale del directorio '/home/jose/robocomp/components/Robotics/mission/CMakeFiles/CMakeTmp'
Makefile:126: recipe for target 'cmTC_19b72/fast' failed
make: *** [cmTC_19b72/fast] Error 2

File /home/jose/robocomp/components/Robotics/mission/CMakeFiles/CMakeTmp/CheckSymbolExists.cxx:
/* */
#include <QtCore/qglobal.h>

int main(int argc, char** argv)
{
  (void)argv;
#ifndef Q_WS_QWS
  return ((int*)(&Q_WS_QWS))[argc];
#else
  (void)argc;
  return 0;
#endif
}

Determining if the Q_WS_MAC exist failed with the following output:
Change Dir: /home/jose/robocomp/components/Robotics/mission/CMakeFiles/CMakeTmp

Run Build Command:"/usr/bin/make" "cmTC_90545/fast"
/usr/bin/make -f CMakeFiles/cmTC_90545.dir/build.make CMakeFiles/cmTC_90545.dir/build
make[1]: se entra en el directorio '/home/jose/robocomp/components/Robotics/mission/CMakeFiles/CMakeTmp'
Building CXX object CMakeFiles/cmTC_90545.dir/CheckSymbolExists.cxx.o
/usr/bin/c++   -I/usr/include/qt4   -o CMakeFiles/cmTC_90545.dir/CheckSymbolExists.cxx.o -c /home/jose/robocomp/components/Robotics/mission/CMakeFiles/CMakeTmp/CheckSymbolExists.cxx
/home/jose/robocomp/components/Robotics/mission/CMakeFiles/CMakeTmp/CheckSymbolExists.cxx: In function ‘int main(int, char**)’:
/home/jose/robocomp/components/Robotics/mission/CMakeFiles/CMakeTmp/CheckSymbolExists.cxx:8:19: error: ‘Q_WS_MAC’ was not declared in this scope
   return ((int*)(&Q_WS_MAC))[argc];
                   ^~~~~~~~
/home/jose/robocomp/components/Robotics/mission/CMakeFiles/CMakeTmp/CheckSymbolExists.cxx:8:19: note: suggested alternative: ‘Q_WS_X11’
   return ((int*)(&Q_WS_MAC))[argc];
                   ^~~~~~~~
                   Q_WS_X11
CMakeFiles/cmTC_90545.dir/build.make:65: recipe for target 'CMakeFiles/cmTC_90545.dir/CheckSymbolExists.cxx.o' failed
make[1]: *** [CMakeFiles/cmTC_90545.dir/CheckSymbolExists.cxx.o] Error 1
make[1]: se sale del directorio '/home/jose/robocomp/components/Robotics/mission/CMakeFiles/CMakeTmp'
Makefile:126: recipe for target 'cmTC_90545/fast' failed
make: *** [cmTC_90545/fast] Error 2

File /home/jose/robocomp/components/Robotics/mission/CMakeFiles/CMakeTmp/CheckSymbolExists.cxx:
/* */
#include <QtCore/qglobal.h>

int main(int argc, char** argv)
{
  (void)argv;
#ifndef Q_WS_MAC
  return ((int*)(&Q_WS_MAC))[argc];
#else
  (void)argc;
  return 0;
#endif
}

Determining if the pthread_create exist failed with the following output:
Change Dir: /home/jose/robocomp/components/Robotics/mission/CMakeFiles/CMakeTmp

Run Build Command:"/usr/bin/make" "cmTC_2c53c/fast"
/usr/bin/make -f CMakeFiles/cmTC_2c53c.dir/build.make CMakeFiles/cmTC_2c53c.dir/build
make[1]: se entra en el directorio '/home/jose/robocomp/components/Robotics/mission/CMakeFiles/CMakeTmp'
Building C object CMakeFiles/cmTC_2c53c.dir/CheckSymbolExists.c.o
/usr/bin/cc    -o CMakeFiles/cmTC_2c53c.dir/CheckSymbolExists.c.o   -c /home/jose/robocomp/components/Robotics/mission/CMakeFiles/CMakeTmp/CheckSymbolExists.c
Linking C executable cmTC_2c53c
/usr/bin/cmake -E cmake_link_script CMakeFiles/cmTC_2c53c.dir/link.txt --verbose=1
/usr/bin/cc      -rdynamic CMakeFiles/cmTC_2c53c.dir/CheckSymbolExists.c.o  -o cmTC_2c53c 
CMakeFiles/cmTC_2c53c.dir/CheckSymbolExists.c.o: En la función `main':
CheckSymbolExists.c:(.text+0x1b): referencia a `pthread_create' sin definir
collect2: error: ld returned 1 exit status
CMakeFiles/cmTC_2c53c.dir/build.make:97: recipe for target 'cmTC_2c53c' failed
make[1]: *** [cmTC_2c53c] Error 1
make[1]: se sale del directorio '/home/jose/robocomp/components/Robotics/mission/CMakeFiles/CMakeTmp'
Makefile:126: recipe for target 'cmTC_2c53c/fast' failed
make: *** [cmTC_2c53c/fast] Error 2

File /home/jose/robocomp/components/Robotics/mission/CMakeFiles/CMakeTmp/CheckSymbolExists.c:
/* */
#include <pthread.h>

int main(int argc, char** argv)
{
  (void)argv;
#ifndef pthread_create
  return ((int*)(&pthread_create))[argc];
#else
  (void)argc;
  return 0;
#endif
}

Determining if the function pthread_create exists in the pthreads failed with the following output:
Change Dir: /home/jose/robocomp/components/Robotics/mission/CMakeFiles/CMakeTmp

Run Build Command:"/usr/bin/make" "cmTC_0f6cf/fast"
/usr/bin/make -f CMakeFiles/cmTC_0f6cf.dir/build.make CMakeFiles/cmTC_0f6cf.dir/build
make[1]: se entra en el directorio '/home/jose/robocomp/components/Robotics/mission/CMakeFiles/CMakeTmp'
Building C object CMakeFiles/cmTC_0f6cf.dir/CheckFunctionExists.c.o
/usr/bin/cc   -DCHECK_FUNCTION_EXISTS=pthread_create   -o CMakeFiles/cmTC_0f6cf.dir/CheckFunctionExists.c.o   -c /usr/share/cmake-3.10/Modules/CheckFunctionExists.c
Linking C executable cmTC_0f6cf
/usr/bin/cmake -E cmake_link_script CMakeFiles/cmTC_0f6cf.dir/link.txt --verbose=1
/usr/bin/cc  -DCHECK_FUNCTION_EXISTS=pthread_create    -rdynamic CMakeFiles/cmTC_0f6cf.dir/CheckFunctionExists.c.o  -o cmTC_0f6cf -lpthreads 
/usr/bin/ld: no se puede encontrar -lpthreads
collect2: error: ld returned 1 exit status
CMakeFiles/cmTC_0f6cf.dir/build.make:97: recipe for target 'cmTC_0f6cf' failed
make[1]: *** [cmTC_0f6cf] Error 1
make[1]: se sale del directorio '/home/jose/robocomp/components/Robotics/mission/CMakeFiles/CMakeTmp'
Makefile:126: recipe for target 'cmTC_0f6cf/fast' failed
make: *** [cmTC_0f6cf/fast] Error 2


